<?xml version="1.0" encoding="UTF-8"?>
<!-- Generated by org.testng.reporters.JUnitReportReporter -->
<testsuite skipped="0" hostname="LAPTOP-HHN7D2TC" name="com.ebanking.master.Sgrid" tests="1" failures="0" timestamp="2022-03-26T10:44:09 IST" time="24.424" errors="0">
  <testcase name="Gd" time="24.424" classname="com.ebanking.master.Sgrid"/>
</testsuite> <!-- com.ebanking.master.Sgrid -->
