<?xml version="1.0" encoding="UTF-8"?>
<!-- Generated by org.testng.reporters.JUnitReportReporter -->
<testsuite skipped="0" hostname="LAPTOP-HHN7D2TC" name="com.ebanking.master.Exepom" tests="3" failures="0" timestamp="2022-03-21T18:15:39 IST" time="31.882" errors="0">
  <testcase name="RolCreation" time="10.956" classname="com.ebanking.master.Exepom"/>
  <testcase name="RolCreation" time="10.408" classname="com.ebanking.master.Exepom"/>
  <testcase name="RolCreation" time="10.518" classname="com.ebanking.master.Exepom"/>
</testsuite> <!-- com.ebanking.master.Exepom -->
